Arguments: 
  /usr/bin/node /usr/local/bin/yarn

PATH: 
  /tmp/yarn--1568785385755-0.035688599259250386:/home/ttn/PRTracker/prtrackerapi/node_modules/.bin:/home/ttn/.config/yarn/link/node_modules/.bin:/home/ttn/.yarn/bin:/usr/libexec/lib/node_modules/npm/bin/node-gyp-bin:/usr/lib/node_modules/npm/bin/node-gyp-bin:/usr/bin/node_modules/npm/bin/node-gyp-bin:/home/ttn/.local/bin:/usr/local/sbin:/usr/local/bin:/usr/sbin:/usr/bin:/sbin:/bin:/usr/games:/usr/local/games:/snap/bin

Yarn version: 
  1.16.0

Node version: 
  8.10.0

Platform: 
  linux x64

Trace: 
  Error: EACCES: permission denied, mkdir '/home/ttn/PRTracker/prtrackerapi/node_modules/eslint/node_modules/doctrine'

npm manifest: 
  {
    "name": "prtrackerapi",
    "version": "1.0.0",
    "description": "",
    "main": "index.js",
    "scripts": {
      "start": "yarn && nodemon --exec 'babel-node src/index.js'",
      "test": "echo \"Error: no test specified\" && exit 1",
      "lint": "eslint ./src"
    },
    "repository": {
      "type": "git",
      "url": "git+https://github.com/rhinoindia/prtrackerapi.git"
    },
    "author": "kamal",
    "license": "ISC",
    "bugs": {
      "url": "https://github.com/rhinoindia/prtrackerapi/issues"
    },
    "homepage": "https://github.com/rhinoindia/prtrackerapi#readme",
    "dependencies": {
      "body-parser": "^1.19.0",
      "cors": "^2.8.5",
      "cron": "^1.7.2",
      "date-fns": "^2.1.0",
      "dotenv": "^8.1.0",
      "express": "^4.17.1",
      "mongoose": "^5.6.6",
      "node-cron": "^2.0.3",
      "node-fetch": "^2.6.0"
    },
    "devDependencies": {
      "@babel/core": "^7.5.5",
      "@babel/node": "^7.5.5",
      "@typescript-eslint/eslint-plugin": "^2.2.0",
      "@typescript-eslint/parser": "^2.2.0",
      "eslint": "^6.3.0",
      "eslint-config-airbnb-base": "^14.0.0",
      "eslint-plugin-import": "^2.18.2",
      "nodemon": "^1.19.1",
      "typescript": "^3.6.3"
    }
  }

yarn manifest: 
  No manifest

Lockfile: 
  No lockfile
